Information: Using automatic max wire load selection group 'predcaps'. (ENV-003)
Information: Using automatic min wire load selection group 'predcaps'. (ENV-003)
Error: Nothing matched for to_list (SEL-005)
0
Error: Nothing matched for from_list (SEL-005)
0
Error: Nothing matched for from_list (SEL-005)
0
****************************************
Report : timing
	-path_type full
	-delay_type max
	-slack_lesser_than 0.00
	-max_paths 100
	-sort_by slack
Design : fpu
Version: L-2016.06-SP3-1
Date   : Wed May 29 07:32:41 2019
****************************************

No constrained paths.

1
Error: Nothing matched for from_list (SEL-005)
0
Error: Nothing matched for from_list (SEL-005)
0
