
                                IC Compiler (TM)
                              IC Compiler-PC (TM)
                              IC Compiler-XP (TM)
                              IC Compiler-DP (TM)
                              IC Compiler-AG (TM)

              Version L-2016.03-SP5-1 for linux64 - Dec 12, 2016 

                    Copyright (c) 1988 - 2016 Synopsys, Inc.
   This software and the associated documentation are proprietary to Synopsys,
 Inc. This software may only be used in accordance with the terms and conditions
 of a written license agreement with Synopsys, Inc. All other use, reproduction,
            or distribution of this software is strictly prohibited.
Initializing...
# Initial Design ICC Script
# Auto-generated with Bash
## Set up search paths and libraries
set search_path "$search_path /mnt/class_data/ecec574-w2019/PDKs/SAED32nm_new/SAED32_EDK/lib/stdcell_rvt/db_ccs /mnt/class_data/ecec574-w2019/OpenSPARC_src/trunk/T1-FPU /mnt/class_data/ecec574-w2019/OpenSPARC_src/trunk/T1-common/u1 /mnt/class_data/ecec574-w2019/OpenSPARC_src/trunk/T1-common/m1 /mnt/class_data/ecec574-w2019/OpenSPARC_src/trunk/T1-common/include /mnt/class_data/ecec574-w2019/OpenSPARC_src/trunk/T1-common/common /mnt/class_data/ecec574-w2019/OpenSPARC_src/trunk/T1-common/srams  /mnt/class_data/ecec574-w2019/OpenSPARC_src/trunk/T1-CPU/mul "
. /opt/synopsys/2016/icc/libraries/syn /opt/synopsys/2016/icc/minpower/syn /opt/synopsys/2016/icc/dw/syn_ver /opt/synopsys/2016/icc/dw/sim_ver /mnt/class_data/ecec574-w2019/PDKs/SAED32nm_new/SAED32_EDK/lib/stdcell_rvt/db_ccs /mnt/class_data/ecec574-w2019/OpenSPARC_src/trunk/T1-FPU /mnt/class_data/ecec574-w2019/OpenSPARC_src/trunk/T1-common/u1 /mnt/class_data/ecec574-w2019/OpenSPARC_src/trunk/T1-common/m1 /mnt/class_data/ecec574-w2019/OpenSPARC_src/trunk/T1-common/include /mnt/class_data/ecec574-w2019/OpenSPARC_src/trunk/T1-common/common /mnt/class_data/ecec574-w2019/OpenSPARC_src/trunk/T1-common/srams  /mnt/class_data/ecec574-w2019/OpenSPARC_src/trunk/T1-CPU/mul 
set target_library "saed32rvt_ss0p95v25c.db"
saed32rvt_ss0p95v25c.db
set link_library "* $target_library"
* saed32rvt_ss0p95v25c.db
set techfile "/mnt/class_data/ecec574-w2019/PDKs/SAED32nm_new/SAED32_EDK/tech/milkyway/saed32nm_1p9m_mw.tf"
/mnt/class_data/ecec574-w2019/PDKs/SAED32nm_new/SAED32_EDK/tech/milkyway/saed32nm_1p9m_mw.tf
set ref_lib "/mnt/class_data/ecec574-w2019/PDKs/SAED32nm_new/SAED32_EDK/lib/stdcell_rvt/milkyway/saed32nm_rvt_1p9m"
/mnt/class_data/ecec574-w2019/PDKs/SAED32nm_new/SAED32_EDK/lib/stdcell_rvt/milkyway/saed32nm_rvt_1p9m
set lib_name "fpu"
fpu
set mw_logic0_net VSS
VSS
set mw_logic1_net VDDA
VDDA
create_mw_lib $lib_name.mw    -technology $techfile    -mw_reference_library $ref_lib
Error: Library 'fpu.mw' already exists. (MWUI-004)
0
open_mw_lib $lib_name.mw
{fpu.mw}
set design_data ../syn/output/fpu.ddc
../syn/output/fpu.ddc
set cell_name "FPU"
FPU
import_designs $design_data -format ddc -top $cell_name
Loading db file '/mnt/class_data/ecec574-w2019/PDKs/SAED32nm_new/SAED32_EDK/lib/stdcell_rvt/db_ccs/saed32rvt_ss0p95v25c.db'
Information: Using CCS timing libraries. (TIM-024)
Warning: Unit conflict found: Milkyway technology file resistance unit is kOhm; main library resistance unit is MOhm. (IFS-007)
Loading db file '/opt/synopsys/2016/icc/libraries/syn/gtech.db'
Loading db file '/opt/synopsys/2016/icc/libraries/syn/standard.sldb'
Information: linking reference library : /mnt/class_data/ecec574-w2019/PDKs/SAED32nm_new/SAED32_EDK/lib/stdcell_rvt/milkyway/saed32nm_rvt_1p9m. (PSYN-878)
  Loading link library 'saed32rvt_ss0p95v25c'
  Loading link library 'gtech'
Reading ddc file '/home/hc523@drexel.edu/ASIC-2-Project/syn/output/fpu.ddc'.
Loaded 45 designs.
Loading db file '/mnt/class_data/ecec574-w2019/PDKs/SAED32nm_new/SAED32_EDK/lib/sram/db_ccs/saed32sram_ss0p95v25c.db'
Current design is 'fpu'.
Error: Can't find design 'FPU'. (UID-109)
Current design is 'fpu'.
Information: Building the design 'mul64'. (HDL-193)
Warning: Cannot find the design 'mul64' in the library 'WORK'. (LBR-1)
Warning: Unable to resolve reference 'mul64' in 'fpu_mul'. (LINK-5)
Warning: Design 'fpu' has '1' unresolved references. For more detailed information, use the "link" command. (UID-341)

  Linking design 'fpu'
  Using the following designs and libraries:
  --------------------------------------------------------------------------
  * (45 designs)              /home/hc523@drexel.edu/ASIC-2-Project/syn/output/fpu.ddc, etc
  saed32rvt_ss0p95v25c (library) /mnt/class_data/ecec574-w2019/PDKs/SAED32nm_new/SAED32_EDK/lib/stdcell_rvt/db_ccs/saed32rvt_ss0p95v25c.db
  saed32sram_ss0p95v25c (library) /mnt/class_data/ecec574-w2019/PDKs/SAED32nm_new/SAED32_EDK/lib/sram/db_ccs/saed32sram_ss0p95v25c.db

Information: Building the design 'mul64'. (HDL-193)
Warning: Cannot find the design 'mul64' in the library 'WORK'. (LBR-1)
Warning: Unable to resolve reference 'mul64' in 'fpu_mul'. (LINK-5)
Info: Creating auto CEL.
Error: Can not create instance master 'mul64' in FRAM view. (MWDC-001)
Error: Cannot find instance in CEL view 'fpu_mul/i_m4stg_frac'. (MWDC-005)
Error: Cannot find instance in CEL view 'fpu_mul/i_m4stg_frac'. (MWDC-005)
Error: Cannot find instance in CEL view 'fpu_mul/i_m4stg_frac'. (MWDC-005)
Error: Cannot find instance in CEL view 'fpu_mul/i_m4stg_frac'. (MWDC-005)
Error: Cannot find instance in CEL view 'fpu_mul/i_m4stg_frac'. (MWDC-005)
Error: Cannot find instance in CEL view 'fpu_mul/i_m4stg_frac'. (MWDC-005)
Error: Cannot find instance in CEL view 'fpu_mul/i_m4stg_frac'. (MWDC-005)
Error: Cannot find instance in CEL view 'fpu_mul/i_m4stg_frac'. (MWDC-005)
Error: Cannot find instance in CEL view 'fpu_mul/i_m4stg_frac'. (MWDC-005)
Error: Cannot find instance in CEL view 'fpu_mul/i_m4stg_frac'. (MWDC-005)
Error: Cannot find instance in CEL view 'fpu_mul/i_m4stg_frac'. (MWDC-005)
Error: Cannot find instance in CEL view 'fpu_mul/i_m4stg_frac'. (MWDC-005)
Error: Cannot find instance in CEL view 'fpu_mul/i_m4stg_frac'. (MWDC-005)
Error: Cannot find instance in CEL view 'fpu_mul/i_m4stg_frac'. (MWDC-005)
Error: Cannot find instance in CEL view 'fpu_mul/i_m4stg_frac'. (MWDC-005)
Error: Cannot find instance in CEL view 'fpu_mul/i_m4stg_frac'. (MWDC-005)
Error: Cannot find instance in CEL view 'fpu_mul/i_m4stg_frac'. (MWDC-005)
Error: Cannot find instance in CEL view 'fpu_mul/i_m4stg_frac'. (MWDC-005)
Error: Cannot find instance in CEL view 'fpu_mul/i_m4stg_frac'. (MWDC-005)
Error: Cannot find instance in CEL view 'fpu_mul/i_m4stg_frac'. (MWDC-005)
Error: Cannot find instance in CEL view 'fpu_mul/i_m4stg_frac'. (MWDC-005)
Error: Cannot find instance in CEL view 'fpu_mul/i_m4stg_frac'. (MWDC-005)
Error: Cannot find instance in CEL view 'fpu_mul/i_m4stg_frac'. (MWDC-005)
Error: Cannot find instance in CEL view 'fpu_mul/i_m4stg_frac'. (MWDC-005)
Error: Cannot find instance in CEL view 'fpu_mul/i_m4stg_frac'. (MWDC-005)
Error: Cannot find instance in CEL view 'fpu_mul/i_m4stg_frac'. (MWDC-005)
Error: Cannot find instance in CEL view 'fpu_mul/i_m4stg_frac'. (MWDC-005)
Error: Cannot find instance in CEL view 'fpu_mul/i_m4stg_frac'. (MWDC-005)
Error: Cannot find instance in CEL view 'fpu_mul/i_m4stg_frac'. (MWDC-005)
Error: Cannot find instance in CEL view 'fpu_mul/i_m4stg_frac'. (MWDC-005)
Error: Cannot find instance in CEL view 'fpu_mul/i_m4stg_frac'. (MWDC-005)
Error: Cannot find instance in CEL view 'fpu_mul/i_m4stg_frac'. (MWDC-005)
Error: Cannot find instance in CEL view 'fpu_mul/i_m4stg_frac'. (MWDC-005)
Error: Cannot find instance in CEL view 'fpu_mul/i_m4stg_frac'. (MWDC-005)
Error: Cannot find instance in CEL view 'fpu_mul/i_m4stg_frac'. (MWDC-005)
Error: Cannot find instance in CEL view 'fpu_mul/i_m4stg_frac'. (MWDC-005)
Error: Cannot find instance in CEL view 'fpu_mul/i_m4stg_frac'. (MWDC-005)
Error: Cannot find instance in CEL view 'fpu_mul/i_m4stg_frac'. (MWDC-005)
Error: Cannot find instance in CEL view 'fpu_mul/i_m4stg_frac'. (MWDC-005)
Error: Cannot find instance in CEL view 'fpu_mul/i_m4stg_frac'. (MWDC-005)
Error: Cannot find instance in CEL view 'fpu_mul/i_m4stg_frac'. (MWDC-005)
Error: Cannot find instance in CEL view 'fpu_mul/i_m4stg_frac'. (MWDC-005)
Error: Cannot find instance in CEL view 'fpu_mul/i_m4stg_frac'. (MWDC-005)
Error: Cannot find instance in CEL view 'fpu_mul/i_m4stg_frac'. (MWDC-005)
Error: Cannot find instance in CEL view 'fpu_mul/i_m4stg_frac'. (MWDC-005)
Error: Cannot find instance in CEL view 'fpu_mul/i_m4stg_frac'. (MWDC-005)
Error: Cannot find instance in CEL view 'fpu_mul/i_m4stg_frac'. (MWDC-005)
Error: Cannot find instance in CEL view 'fpu_mul/i_m4stg_frac'. (MWDC-005)
Error: Cannot find instance in CEL view 'fpu_mul/i_m4stg_frac'. (MWDC-005)
Error: Cannot find instance in CEL view 'fpu_mul/i_m4stg_frac'. (MWDC-005)
Error: Cannot find instance in CEL view 'fpu_mul/i_m4stg_frac'. (MWDC-005)
Error: Cannot find instance in CEL view 'fpu_mul/i_m4stg_frac'. (MWDC-005)
Error: Cannot find instance in CEL view 'fpu_mul/i_m4stg_frac'. (MWDC-005)
Error: Cannot find instance in CEL view 'fpu_mul/i_m4stg_frac'. (MWDC-005)
Error: Cannot find instance in CEL view 'fpu_mul/i_m4stg_frac'. (MWDC-005)
Error: Cannot find instance in CEL view 'fpu_mul/i_m4stg_frac'. (MWDC-005)
Error: Cannot find instance in CEL view 'fpu_mul/i_m4stg_frac'. (MWDC-005)
Error: Cannot find instance in CEL view 'fpu_mul/i_m4stg_frac'. (MWDC-005)
Error: Cannot find instance in CEL view 'fpu_mul/i_m4stg_frac'. (MWDC-005)
Error: Cannot find instance in CEL view 'fpu_mul/i_m4stg_frac'. (MWDC-005)
Error: Cannot find instance in CEL view 'fpu_mul/i_m4stg_frac'. (MWDC-005)
Error: Cannot find instance in CEL view 'fpu_mul/i_m4stg_frac'. (MWDC-005)
Error: Cannot find instance in CEL view 'fpu_mul/i_m4stg_frac'. (MWDC-005)
Error: Cannot find instance in CEL view 'fpu_mul/i_m4stg_frac'. (MWDC-005)
Error: Cannot find instance in CEL view 'fpu_mul/i_m4stg_frac'. (MWDC-005)
Error: Cannot find instance in CEL view 'fpu_mul/i_m4stg_frac'. (MWDC-005)
Error: Cannot find instance in CEL view 'fpu_mul/i_m4stg_frac'. (MWDC-005)
Error: Cannot find instance in CEL view 'fpu_mul/i_m4stg_frac'. (MWDC-005)
Error: Cannot find instance in CEL view 'fpu_mul/i_m4stg_frac'. (MWDC-005)
Error: Cannot find instance in CEL view 'fpu_mul/i_m4stg_frac'. (MWDC-005)
Error: Cannot find instance in CEL view 'fpu_mul/i_m4stg_frac'. (MWDC-005)
Error: Cannot find instance in CEL view 'fpu_mul/i_m4stg_frac'. (MWDC-005)
Error: Cannot find instance in CEL view 'fpu_mul/i_m4stg_frac'. (MWDC-005)
Error: Cannot find instance in CEL view 'fpu_mul/i_m4stg_frac'. (MWDC-005)
Error: Cannot find instance in CEL view 'fpu_mul/i_m4stg_frac'. (MWDC-005)
Error: Cannot find instance in CEL view 'fpu_mul/i_m4stg_frac'. (MWDC-005)
Error: Cannot find instance in CEL view 'fpu_mul/i_m4stg_frac'. (MWDC-005)
Error: Cannot find instance in CEL view 'fpu_mul/i_m4stg_frac'. (MWDC-005)
Error: Cannot find instance in CEL view 'fpu_mul/i_m4stg_frac'. (MWDC-005)
Error: Cannot find instance in CEL view 'fpu_mul/i_m4stg_frac'. (MWDC-005)
Error: Cannot find instance in CEL view 'fpu_mul/i_m4stg_frac'. (MWDC-005)
Error: Cannot find instance in CEL view 'fpu_mul/i_m4stg_frac'. (MWDC-005)
Error: Cannot find instance in CEL view 'fpu_mul/i_m4stg_frac'. (MWDC-005)
Error: Cannot find instance in CEL view 'fpu_mul/i_m4stg_frac'. (MWDC-005)
Error: Cannot find instance in CEL view 'fpu_mul/i_m4stg_frac'. (MWDC-005)
Error: Cannot find instance in CEL view 'fpu_mul/i_m4stg_frac'. (MWDC-005)
Error: Cannot find instance in CEL view 'fpu_mul/i_m4stg_frac'. (MWDC-005)
Error: Cannot find instance in CEL view 'fpu_mul/i_m4stg_frac'. (MWDC-005)
Error: Cannot find instance in CEL view 'fpu_mul/i_m4stg_frac'. (MWDC-005)
Error: Cannot find instance in CEL view 'fpu_mul/i_m4stg_frac'. (MWDC-005)
Error: Cannot find instance in CEL view 'fpu_mul/i_m4stg_frac'. (MWDC-005)
Error: Cannot find instance in CEL view 'fpu_mul/i_m4stg_frac'. (MWDC-005)
Error: Cannot find instance in CEL view 'fpu_mul/i_m4stg_frac'. (MWDC-005)
Error: Cannot find instance in CEL view 'fpu_mul/i_m4stg_frac'. (MWDC-005)
Error: Cannot find instance in CEL view 'fpu_mul/i_m4stg_frac'. (MWDC-005)
Error: Cannot find instance in CEL view 'fpu_mul/i_m4stg_frac'. (MWDC-005)
Error: Cannot find instance in CEL view 'fpu_mul/i_m4stg_frac'. (MWDC-005)
Error: Cannot find instance in CEL view 'fpu_mul/i_m4stg_frac'. (MWDC-005)
Error: Cannot find instance in CEL view 'fpu_mul/i_m4stg_frac'. (MWDC-005)
Error: Cannot find instance in CEL view 'fpu_mul/i_m4stg_frac'. (MWDC-005)
Error: Cannot find instance in CEL view 'fpu_mul/i_m4stg_frac'. (MWDC-005)
Error: Cannot find instance in CEL view 'fpu_mul/i_m4stg_frac'. (MWDC-005)
Error: Cannot find instance in CEL view 'fpu_mul/i_m4stg_frac'. (MWDC-005)
Error: Cannot find instance in CEL view 'fpu_mul/i_m4stg_frac'. (MWDC-005)
Error: Cannot find instance in CEL view 'fpu_mul/i_m4stg_frac'. (MWDC-005)
Error: Cannot find instance in CEL view 'fpu_mul/i_m4stg_frac'. (MWDC-005)
Error: Cannot find instance in CEL view 'fpu_mul/i_m4stg_frac'. (MWDC-005)
Error: Cannot find instance in CEL view 'fpu_mul/i_m4stg_frac'. (MWDC-005)
Error: Cannot find instance in CEL view 'fpu_mul/i_m4stg_frac'. (MWDC-005)
Error: Cannot find instance in CEL view 'fpu_mul/i_m4stg_frac'. (MWDC-005)
Error: Cannot find instance in CEL view 'fpu_mul/i_m4stg_frac'. (MWDC-005)
Error: Cannot find instance in CEL view 'fpu_mul/i_m4stg_frac'. (MWDC-005)
Error: Cannot find instance in CEL view 'fpu_mul/i_m4stg_frac'. (MWDC-005)
Error: Cannot find instance in CEL view 'fpu_mul/i_m4stg_frac'. (MWDC-005)
Error: Cannot find instance in CEL view 'fpu_mul/i_m4stg_frac'. (MWDC-005)
Error: Cannot find instance in CEL view 'fpu_mul/i_m4stg_frac'. (MWDC-005)
Error: Cannot find instance in CEL view 'fpu_mul/i_m4stg_frac'. (MWDC-005)
Error: Cannot find instance in CEL view 'fpu_mul/i_m4stg_frac'. (MWDC-005)
Error: Cannot find instance in CEL view 'fpu_mul/i_m4stg_frac'. (MWDC-005)
Error: Cannot find instance in CEL view 'fpu_mul/i_m4stg_frac'. (MWDC-005)
Error: Cannot find instance in CEL view 'fpu_mul/i_m4stg_frac'. (MWDC-005)
Error: Cannot find instance in CEL view 'fpu_mul/i_m4stg_frac'. (MWDC-005)
Error: Cannot find instance in CEL view 'fpu_mul/i_m4stg_frac'. (MWDC-005)
Error: Cannot find instance in CEL view 'fpu_mul/i_m4stg_frac'. (MWDC-005)
Error: Cannot find instance in CEL view 'fpu_mul/i_m4stg_frac'. (MWDC-005)
Error: Cannot find instance in CEL view 'fpu_mul/i_m4stg_frac'. (MWDC-005)
Error: Cannot find instance in CEL view 'fpu_mul/i_m4stg_frac'. (MWDC-005)
Error: Cannot find instance in CEL view 'fpu_mul/i_m4stg_frac'. (MWDC-005)
Error: Cannot find instance in CEL view 'fpu_mul/i_m4stg_frac'. (MWDC-005)
Error: Cannot find instance in CEL view 'fpu_mul/i_m4stg_frac'. (MWDC-005)
Error: Cannot find instance in CEL view 'fpu_mul/i_m4stg_frac'. (MWDC-005)
Error: Cannot find instance in CEL view 'fpu_mul/i_m4stg_frac'. (MWDC-005)
Error: Cannot find instance in CEL view 'fpu_mul/i_m4stg_frac'. (MWDC-005)
Error: Cannot find instance in CEL view 'fpu_mul/i_m4stg_frac'. (MWDC-005)
Error: Cannot find instance in CEL view 'fpu_mul/i_m4stg_frac'. (MWDC-005)
Error: Cannot find instance in CEL view 'fpu_mul/i_m4stg_frac'. (MWDC-005)
Error: Cannot find instance in CEL view 'fpu_mul/i_m4stg_frac'. (MWDC-005)
Error: Cannot find instance in CEL view 'fpu_mul/i_m4stg_frac'. (MWDC-005)
Error: Cannot find instance in CEL view 'fpu_mul/i_m4stg_frac'. (MWDC-005)
Error: Cannot find instance in CEL view 'fpu_mul/i_m4stg_frac'. (MWDC-005)
Error: Cannot find instance in CEL view 'fpu_mul/i_m4stg_frac'. (MWDC-005)
Error: Cannot find instance in CEL view 'fpu_mul/i_m4stg_frac'. (MWDC-005)
Error: Cannot find instance in CEL view 'fpu_mul/i_m4stg_frac'. (MWDC-005)
Error: Cannot find instance in CEL view 'fpu_mul/i_m4stg_frac'. (MWDC-005)
Error: Cannot find instance in CEL view 'fpu_mul/i_m4stg_frac'. (MWDC-005)
Error: Cannot find instance in CEL view 'fpu_mul/i_m4stg_frac'. (MWDC-005)
Error: Cannot find instance in CEL view 'fpu_mul/i_m4stg_frac'. (MWDC-005)
Error: Cannot find instance in CEL view 'fpu_mul/i_m4stg_frac'. (MWDC-005)
Error: Cannot find instance in CEL view 'fpu_mul/i_m4stg_frac'. (MWDC-005)
Error: Cannot find instance in CEL view 'fpu_mul/i_m4stg_frac'. (MWDC-005)
Error: Cannot find instance in CEL view 'fpu_mul/i_m4stg_frac'. (MWDC-005)
Error: Cannot find instance in CEL view 'fpu_mul/i_m4stg_frac'. (MWDC-005)
Error: Cannot find instance in CEL view 'fpu_mul/i_m4stg_frac'. (MWDC-005)
Error: Cannot find instance in CEL view 'fpu_mul/i_m4stg_frac'. (MWDC-005)
Error: Cannot find instance in CEL view 'fpu_mul/i_m4stg_frac'. (MWDC-005)
Error: Cannot find instance in CEL view 'fpu_mul/i_m4stg_frac'. (MWDC-005)
Error: Cannot find instance in CEL view 'fpu_mul/i_m4stg_frac'. (MWDC-005)
Error: Cannot find instance in CEL view 'fpu_mul/i_m4stg_frac'. (MWDC-005)
Error: Cannot find instance in CEL view 'fpu_mul/i_m4stg_frac'. (MWDC-005)
Error: Cannot find instance in CEL view 'fpu_mul/i_m4stg_frac'. (MWDC-005)
Error: Cannot find instance in CEL view 'fpu_mul/i_m4stg_frac'. (MWDC-005)
Error: Cannot find instance in CEL view 'fpu_mul/i_m4stg_frac'. (MWDC-005)
Error: Cannot find instance in CEL view 'fpu_mul/i_m4stg_frac'. (MWDC-005)
Error: Cannot find instance in CEL view 'fpu_mul/i_m4stg_frac'. (MWDC-005)
Error: Cannot find instance in CEL view 'fpu_mul/i_m4stg_frac'. (MWDC-005)
Error: Cannot find instance in CEL view 'fpu_mul/i_m4stg_frac'. (MWDC-005)
Error: Cannot find instance in CEL view 'fpu_mul/i_m4stg_frac'. (MWDC-005)
Error: Cannot find instance in CEL view 'fpu_mul/i_m4stg_frac'. (MWDC-005)
Error: Cannot find instance in CEL view 'fpu_mul/i_m4stg_frac'. (MWDC-005)
Error: Cannot find instance in CEL view 'fpu_mul/i_m4stg_frac'. (MWDC-005)
Error: Cannot find instance in CEL view 'fpu_mul/i_m4stg_frac'. (MWDC-005)
Error: Cannot find instance in CEL view 'fpu_mul/i_m4stg_frac'. (MWDC-005)
Error: Cannot find instance in CEL view 'fpu_mul/i_m4stg_frac'. (MWDC-005)
Error: Cannot find instance in CEL view 'fpu_mul/i_m4stg_frac'. (MWDC-005)
Error: Cannot find instance in CEL view 'fpu_mul/i_m4stg_frac'. (MWDC-005)
Error: Cannot find instance in CEL view 'fpu_mul/i_m4stg_frac'. (MWDC-005)
Error: Cannot find instance in CEL view 'fpu_mul/i_m4stg_frac'. (MWDC-005)
Error: Cannot find instance in CEL view 'fpu_mul/i_m4stg_frac'. (MWDC-005)
Error: Cannot find instance in CEL view 'fpu_mul/i_m4stg_frac'. (MWDC-005)
Error: Cannot find instance in CEL view 'fpu_mul/i_m4stg_frac'. (MWDC-005)
Error: Cannot find instance in CEL view 'fpu_mul/i_m4stg_frac'. (MWDC-005)
Error: Cannot find instance in CEL view 'fpu_mul/i_m4stg_frac'. (MWDC-005)
Error: Cannot find instance in CEL view 'fpu_mul/i_m4stg_frac'. (MWDC-005)
Error: Cannot find instance in CEL view 'fpu_mul/i_m4stg_frac'. (MWDC-005)
Error: Cannot find instance in CEL view 'fpu_mul/i_m4stg_frac'. (MWDC-005)
Error: Cannot find instance in CEL view 'fpu_mul/i_m4stg_frac'. (MWDC-005)
Error: Cannot find instance in CEL view 'fpu_mul/i_m4stg_frac'. (MWDC-005)
Error: Cannot find instance in CEL view 'fpu_mul/i_m4stg_frac'. (MWDC-005)
Error: Cannot find instance in CEL view 'fpu_mul/i_m4stg_frac'. (MWDC-005)
Error: Cannot find instance in CEL view 'fpu_mul/i_m4stg_frac'. (MWDC-005)
Error: Cannot find instance in CEL view 'fpu_mul/i_m4stg_frac'. (MWDC-005)
Error: Cannot find instance in CEL view 'fpu_mul/i_m4stg_frac'. (MWDC-005)
Error: Cannot find instance in CEL view 'fpu_mul/i_m4stg_frac'. (MWDC-005)
Error: Cannot find instance in CEL view 'fpu_mul/i_m4stg_frac'. (MWDC-005)
Error: Cannot find instance in CEL view 'fpu_mul/i_m4stg_frac'. (MWDC-005)
Error: Cannot find instance in CEL view 'fpu_mul/i_m4stg_frac'. (MWDC-005)
Error: Cannot find instance in CEL view 'fpu_mul/i_m4stg_frac'. (MWDC-005)
Error: Cannot find instance in CEL view 'fpu_mul/i_m4stg_frac'. (MWDC-005)
Error: Cannot find instance in CEL view 'fpu_mul/i_m4stg_frac'. (MWDC-005)
Error: Cannot find instance in CEL view 'fpu_mul/i_m4stg_frac'. (MWDC-005)
Error: Cannot find instance in CEL view 'fpu_mul/i_m4stg_frac'. (MWDC-005)
Error: Cannot find instance in CEL view 'fpu_mul/i_m4stg_frac'. (MWDC-005)
Error: Cannot find instance in CEL view 'fpu_mul/i_m4stg_frac'. (MWDC-005)
Error: Cannot find instance in CEL view 'fpu_mul/i_m4stg_frac'. (MWDC-005)
Error: Cannot find instance in CEL view 'fpu_mul/i_m4stg_frac'. (MWDC-005)
Error: Cannot find instance in CEL view 'fpu_mul/i_m4stg_frac'. (MWDC-005)
Error: Cannot find instance in CEL view 'fpu_mul/i_m4stg_frac'. (MWDC-005)
Error: Cannot find instance in CEL view 'fpu_mul/i_m4stg_frac'. (MWDC-005)
Error: Cannot find instance in CEL view 'fpu_mul/i_m4stg_frac'. (MWDC-005)
Error: Cannot find instance in CEL view 'fpu_mul/i_m4stg_frac'. (MWDC-005)
Error: Cannot find instance in CEL view 'fpu_mul/i_m4stg_frac'. (MWDC-005)
Error: Cannot find instance in CEL view 'fpu_mul/i_m4stg_frac'. (MWDC-005)
Error: Cannot find instance in CEL view 'fpu_mul/i_m4stg_frac'. (MWDC-005)
Error: Cannot find instance in CEL view 'fpu_mul/i_m4stg_frac'. (MWDC-005)
Error: Cannot find instance in CEL view 'fpu_mul/i_m4stg_frac'. (MWDC-005)
Error: Cannot find instance in CEL view 'fpu_mul/i_m4stg_frac'. (MWDC-005)
Error: Cannot find instance in CEL view 'fpu_mul/i_m4stg_frac'. (MWDC-005)
Error: Cannot find instance in CEL view 'fpu_mul/i_m4stg_frac'. (MWDC-005)
Error: Cannot find instance in CEL view 'fpu_mul/i_m4stg_frac'. (MWDC-005)
Error: Cannot find instance in CEL view 'fpu_mul/i_m4stg_frac'. (MWDC-005)
Error: Cannot find instance in CEL view 'fpu_mul/i_m4stg_frac'. (MWDC-005)
Error: Cannot find instance in CEL view 'fpu_mul/i_m4stg_frac'. (MWDC-005)
Error: Cannot find instance in CEL view 'fpu_mul/i_m4stg_frac'. (MWDC-005)
Error: Cannot find instance in CEL view 'fpu_mul/i_m4stg_frac'. (MWDC-005)
Error: Cannot find instance in CEL view 'fpu_mul/i_m4stg_frac'. (MWDC-005)
Error: Cannot find instance in CEL view 'fpu_mul/i_m4stg_frac'. (MWDC-005)
Error: Cannot find instance in CEL view 'fpu_mul/i_m4stg_frac'. (MWDC-005)
Error: Cannot find instance in CEL view 'fpu_mul/i_m4stg_frac'. (MWDC-005)
Error: Cannot find instance in CEL view 'fpu_mul/i_m4stg_frac'. (MWDC-005)
Error: Cannot find instance in CEL view 'fpu_mul/i_m4stg_frac'. (MWDC-005)
Error: Cannot find instance in CEL view 'fpu_mul/i_m4stg_frac'. (MWDC-005)
Error: Cannot find instance in CEL view 'fpu_mul/i_m4stg_frac'. (MWDC-005)
Error: Cannot find instance in CEL view 'fpu_mul/i_m4stg_frac'. (MWDC-005)
Error: Cannot find instance in CEL view 'fpu_mul/i_m4stg_frac'. (MWDC-005)
Error: Cannot find instance in CEL view 'fpu_mul/i_m4stg_frac'. (MWDC-005)
Error: Cannot find instance in CEL view 'fpu_mul/i_m4stg_frac'. (MWDC-005)
Error: Cannot find instance in CEL view 'fpu_mul/i_m4stg_frac'. (MWDC-005)
Error: Cannot find instance in CEL view 'fpu_mul/i_m4stg_frac'. (MWDC-005)
Error: Cannot find instance in CEL view 'fpu_mul/i_m4stg_frac'. (MWDC-005)
Error: Cannot find instance in CEL view 'fpu_mul/i_m4stg_frac'. (MWDC-005)
Error: Cannot find instance in CEL view 'fpu_mul/i_m4stg_frac'. (MWDC-005)
Error: Cannot find instance in CEL view 'fpu_mul/i_m4stg_frac'. (MWDC-005)
Error: Cannot find instance in CEL view 'fpu_mul/i_m4stg_frac'. (MWDC-005)
Error: Cannot find instance in CEL view 'fpu_mul/i_m4stg_frac'. (MWDC-005)
Error: Cannot find instance in CEL view 'fpu_mul/i_m4stg_frac'. (MWDC-005)
Error: Cannot find instance in CEL view 'fpu_mul/i_m4stg_frac'. (MWDC-005)
Error: Cannot find instance in CEL view 'fpu_mul/i_m4stg_frac'. (MWDC-005)
Error: Cannot find instance in CEL view 'fpu_mul/i_m4stg_frac'. (MWDC-005)
Error: Cannot find instance in CEL view 'fpu_mul/i_m4stg_frac'. (MWDC-005)
Error: Cannot find instance in CEL view 'fpu_mul/i_m4stg_frac'. (MWDC-005)
Error: Cannot find instance in CEL view 'fpu_mul/i_m4stg_frac'. (MWDC-005)
Error: Cannot find instance in CEL view 'fpu_mul/i_m4stg_frac'. (MWDC-005)
Error: Cannot find instance in CEL view 'fpu_mul/i_m4stg_frac'. (MWDC-005)
Error: Cannot find instance in CEL view 'fpu_mul/i_m4stg_frac'. (MWDC-005)
Error: Cannot find instance in CEL view 'fpu_mul/i_m4stg_frac'. (MWDC-005)
Error: Cannot find instance in CEL view 'fpu_mul/i_m4stg_frac'. (MWDC-005)
Error: Cannot find instance in CEL view 'fpu_mul/i_m4stg_frac'. (MWDC-005)
Error: Cannot find instance in CEL view 'fpu_mul/i_m4stg_frac'. (MWDC-005)
Error: Cannot find instance in CEL view 'fpu_mul/i_m4stg_frac'. (MWDC-005)
Error: Cannot find instance in CEL view 'fpu_mul/i_m4stg_frac'. (MWDC-005)
Error: Cannot find instance in CEL view 'fpu_mul/i_m4stg_frac'. (MWDC-005)
Error: Cannot find instance in CEL view 'fpu_mul/i_m4stg_frac'. (MWDC-005)
Error: Cannot find instance in CEL view 'fpu_mul/i_m4stg_frac'. (MWDC-005)
Error: Cannot find instance in CEL view 'fpu_mul/i_m4stg_frac'. (MWDC-005)
Error: Cannot find instance in CEL view 'fpu_mul/i_m4stg_frac'. (MWDC-005)
Error: Cannot find instance in CEL view 'fpu_mul/i_m4stg_frac'. (MWDC-005)
Error: Cannot find instance in CEL view 'fpu_mul/i_m4stg_frac'. (MWDC-005)
Error: Cannot find instance in CEL view 'fpu_mul/i_m4stg_frac'. (MWDC-005)
Error: Cannot find instance in CEL view 'fpu_mul/i_m4stg_frac'. (MWDC-005)
Error: Cannot find instance in CEL view 'fpu_mul/i_m4stg_frac'. (MWDC-005)
Error: Cannot find instance in CEL view 'fpu_mul/i_m4stg_frac'. (MWDC-005)
Error: Cannot find instance in CEL view 'fpu_mul/i_m4stg_frac'. (MWDC-005)
Error: Cannot find instance in CEL view 'fpu_mul/i_m4stg_frac'. (MWDC-005)
Error: Cannot find instance in CEL view 'fpu_mul/i_m4stg_frac'. (MWDC-005)
Error: Cannot find instance in CEL view 'fpu_mul/i_m4stg_frac'. (MWDC-005)
Error: Cannot find instance in CEL view 'fpu_mul/i_m4stg_frac'. (MWDC-005)
Error: Cannot find instance in CEL view 'fpu_mul/i_m4stg_frac'. (MWDC-005)
Error: Cannot find instance in CEL view 'fpu_mul/i_m4stg_frac'. (MWDC-005)
Error: Cannot find instance in CEL view 'fpu_mul/i_m4stg_frac'. (MWDC-005)
Error: Cannot find instance in CEL view 'fpu_mul/i_m4stg_frac'. (MWDC-005)
Error: Cannot find instance in CEL view 'fpu_mul/i_m4stg_frac'. (MWDC-005)
Error: Cannot find instance in CEL view 'fpu_mul/i_m4stg_frac'. (MWDC-005)
Error: Cannot find instance in CEL view 'fpu_mul/i_m4stg_frac'. (MWDC-005)
Error: Cannot find instance in CEL view 'fpu_mul/i_m4stg_frac'. (MWDC-005)
Error: Cannot find instance in CEL view 'fpu_mul/i_m4stg_frac'. (MWDC-005)
Error: Cannot find instance in CEL view 'fpu_mul/i_m4stg_frac'. (MWDC-005)
Error: Cannot find instance in CEL view 'fpu_mul/i_m4stg_frac'. (MWDC-005)
Error: Cannot find instance in CEL view 'fpu_mul/i_m4stg_frac'. (MWDC-005)
Error: Cannot find instance in CEL view 'fpu_mul/i_m4stg_frac'. (MWDC-005)
Error: Cannot find instance in CEL view 'fpu_mul/i_m4stg_frac'. (MWDC-005)
Error: Cannot find instance in CEL view 'fpu_mul/i_m4stg_frac'. (MWDC-005)
Error: Cannot find instance in CEL view 'fpu_mul/i_m4stg_frac'. (MWDC-005)
Error: Cannot find instance in CEL view 'fpu_mul/i_m4stg_frac'. (MWDC-005)
Error: Cannot find instance in CEL view 'fpu_mul/i_m4stg_frac'. (MWDC-005)
Error: Cannot find instance in CEL view 'fpu_mul/i_m4stg_frac'. (MWDC-005)
Error: Cannot find instance in CEL view 'fpu_mul/i_m4stg_frac'. (MWDC-005)
Error: Cannot find instance in CEL view 'fpu_mul/i_m4stg_frac'. (MWDC-005)
Error: Cannot find instance in CEL view 'fpu_mul/i_m4stg_frac'. (MWDC-005)
Error: Cannot find instance in CEL view 'fpu_mul/i_m4stg_frac'. (MWDC-005)
Error: Cannot find instance in CEL view 'fpu_mul/i_m4stg_frac'. (MWDC-005)
Error: Cannot find instance in CEL view 'fpu_mul/i_m4stg_frac'. (MWDC-005)
Error: Cannot find instance in CEL view 'fpu_mul/i_m4stg_frac'. (MWDC-005)
Error: Cannot find instance in CEL view 'fpu_mul/i_m4stg_frac'. (MWDC-005)
Error: Cannot find instance in CEL view 'fpu_mul/i_m4stg_frac'. (MWDC-005)
Error: Cannot find instance in CEL view 'fpu_mul/i_m4stg_frac'. (MWDC-005)
Error: Cannot find instance in CEL view 'fpu_mul/i_m4stg_frac'. (MWDC-005)
Error: Cannot find instance in CEL view 'fpu_mul/i_m4stg_frac'. (MWDC-005)
Error: Cannot find instance in CEL view 'fpu_mul/i_m4stg_frac'. (MWDC-005)
Error: Cannot find instance in CEL view 'fpu_mul/i_m4stg_frac'. (MWDC-005)
Error: Cannot find instance in CEL view 'fpu_mul/i_m4stg_frac'. (MWDC-005)
Error: Cannot find instance in CEL view 'fpu_mul/i_m4stg_frac'. (MWDC-005)
Error: Cannot find instance in CEL view 'fpu_mul/i_m4stg_frac'. (MWDC-005)
Error: Cannot find instance in CEL view 'fpu_mul/i_m4stg_frac'. (MWDC-005)
Error: Cannot find instance in CEL view 'fpu_mul/i_m4stg_frac'. (MWDC-005)
Error: Cannot find instance in CEL view 'fpu_mul/i_m4stg_frac'. (MWDC-005)
Error: Cannot find instance in CEL view 'fpu_mul/i_m4stg_frac'. (MWDC-005)
Error: Cannot find instance in CEL view 'fpu_mul/i_m4stg_frac'. (MWDC-005)
Error: Cannot find instance in CEL view 'fpu_mul/i_m4stg_frac'. (MWDC-005)
Error: Cannot find instance in CEL view 'fpu_mul/i_m4stg_frac'. (MWDC-005)
Error: Cannot find instance in CEL view 'fpu_mul/i_m4stg_frac'. (MWDC-005)
Error: Cannot find instance in CEL view 'fpu_mul/i_m4stg_frac'. (MWDC-005)
Error: Cannot find instance in CEL view 'fpu_mul/i_m4stg_frac'. (MWDC-005)
Error: Cannot find instance in CEL view 'fpu_mul/i_m4stg_frac'. (MWDC-005)
Error: Cannot find instance in CEL view 'fpu_mul/i_m4stg_frac'. (MWDC-005)
Error: Cannot find instance in CEL view 'fpu_mul/i_m4stg_frac'. (MWDC-005)
Error: Cannot find instance in CEL view 'fpu_mul/i_m4stg_frac'. (MWDC-005)
Error: Cannot find instance in CEL view 'fpu_mul/i_m4stg_frac'. (MWDC-005)
Error: Cannot find instance in CEL view 'fpu_mul/i_m4stg_frac'. (MWDC-005)
Error: Cannot find instance in CEL view 'fpu_mul/i_m4stg_frac'. (MWDC-005)
Error: Cannot find instance in CEL view 'fpu_mul/i_m4stg_frac'. (MWDC-005)
Error: Cannot find instance in CEL view 'fpu_mul/i_m4stg_frac'. (MWDC-005)
Error: Cannot find instance in CEL view 'fpu_mul/i_m4stg_frac'. (MWDC-005)
Error: Cannot find instance in CEL view 'fpu_mul/i_m4stg_frac'. (MWDC-005)
Error: Cannot find instance in CEL view 'fpu_mul/i_m4stg_frac'. (MWDC-005)
Error: Cannot find instance in CEL view 'fpu_mul/i_m4stg_frac'. (MWDC-005)
Error: Cannot find instance in CEL view 'fpu_mul/i_m4stg_frac'. (MWDC-005)
Error: Cannot find instance in CEL view 'fpu_mul/i_m4stg_frac'. (MWDC-005)
Error: Cannot find instance in CEL view 'fpu_mul/i_m4stg_frac'. (MWDC-005)
Error: Cannot find instance in CEL view 'fpu_mul/i_m4stg_frac'. (MWDC-005)
Error: Cannot find instance in CEL view 'fpu_mul/i_m4stg_frac'. (MWDC-005)
Error: Cannot find instance in CEL view 'fpu_mul/i_m4stg_frac'. (MWDC-005)
Error: Cannot find instance in CEL view 'fpu_mul/i_m4stg_frac'. (MWDC-005)
Error: Cannot find instance in CEL view 'fpu_mul/i_m4stg_frac'. (MWDC-005)
Error: Cannot find instance in CEL view 'fpu_mul/i_m4stg_frac'. (MWDC-005)
Error: Cannot find instance in CEL view 'fpu_mul/i_m4stg_frac'. (MWDC-005)
Information: Performing CEL netlist consistency check. (MWDC-118)
Information: CEL consistency check PASSED. (MWDC-119)
Information: Building the design 'mul64'. (HDL-193)
Warning: Cannot find the design 'mul64' in the library 'WORK'. (LBR-1)
Warning: Unable to resolve reference 'mul64' in 'fpu_mul'. (LINK-5)
Information: Saved design named FPU. (UIG-5)
1
set libdir "/mnt/class_data/ecec574-w2019/PDKs/SAED32nm_new/SAED32_EDK/tech/star_rcxt"
/mnt/class_data/ecec574-w2019/PDKs/SAED32nm_new/SAED32_EDK/tech/star_rcxt
set tlupmax "$libdir/saed32nm_1p9m_Cmax.tluplus"
/mnt/class_data/ecec574-w2019/PDKs/SAED32nm_new/SAED32_EDK/tech/star_rcxt/saed32nm_1p9m_Cmax.tluplus
set tlunom "$libdir/saed32nm_1p9m_nominal.tluplus"
/mnt/class_data/ecec574-w2019/PDKs/SAED32nm_new/SAED32_EDK/tech/star_rcxt/saed32nm_1p9m_nominal.tluplus
set tlupmin "$libdir/saed32nm_1p9m_Cmin.tluplus"
/mnt/class_data/ecec574-w2019/PDKs/SAED32nm_new/SAED32_EDK/tech/star_rcxt/saed32nm_1p9m_Cmin.tluplus
set tech2itf "$libdir/saed32nm_tf_itf_tluplus.map"
/mnt/class_data/ecec574-w2019/PDKs/SAED32nm_new/SAED32_EDK/tech/star_rcxt/saed32nm_tf_itf_tluplus.map
set_tlu_plus_files -max_tluplus $tlunom -tech2itf_map $tech2itf
1
read_verilog ../syn/output/fpu.v
Warning: Unit conflict found: Milkyway technology file resistance unit is kOhm; main library resistance unit is MOhm. (IFS-007)
Warning: /mnt/class_data/ecec574-w2019/PDKs/SAED32nm_new/SAED32_EDK/lib/stdcell_rvt/milkyway/saed32nm_rvt_1p9m: bus naming style _<%d> is not consistent with main lib. (MWNL-111)

*****  Verilog HDL translation! *****

*****    Start Pass 1 *****
Compiling source file /home/hc523@drexel.edu/ASIC-2-Project/syn/output/fpu.v
Warning: Lineno 27134, change net type from TRI to Wire. (MWNL-117)
Warning: Lineno 27135, change net type from TRI to Wire. (MWNL-117)
Warning: Lineno 27136, change net type from TRI to Wire. (MWNL-117)
Warning: Lineno 27137, change net type from TRI to Wire. (MWNL-117)
Warning: Lineno 27138, change net type from TRI to Wire. (MWNL-117)
Warning: Lineno 27139, change net type from TRI to Wire. (MWNL-117)
Warning: Lineno 27140, change net type from TRI to Wire. (MWNL-117)
Warning: Lineno 27141, change net type from TRI to Wire. (MWNL-117)
Warning: Lineno 27142, change net type from TRI to Wire. (MWNL-117)
Warning: Lineno 27143, change net type from TRI to Wire. (MWNL-117)
Warning: Lineno 27144, change net type from TRI to Wire. (MWNL-117)
Warning: Lineno 27145, change net type from TRI to Wire. (MWNL-117)
Warning: Lineno 27146, change net type from TRI to Wire. (MWNL-117)
Warning: Lineno 27147, change net type from TRI to Wire. (MWNL-117)
Warning: Lineno 27148, change net type from TRI to Wire. (MWNL-117)
Warning: Lineno 27149, change net type from TRI to Wire. (MWNL-117)
Warning: Lineno 27150, change net type from TRI to Wire. (MWNL-117)
Warning: Lineno 27151, change net type from TRI to Wire. (MWNL-117)
Warning: Lineno 27152, change net type from TRI to Wire. (MWNL-117)
Warning: Lineno 27153, change net type from TRI to Wire. (MWNL-117)
Warning: Lineno 27154, change net type from TRI to Wire. (MWNL-117)
Warning: Lineno 27155, change net type from TRI to Wire. (MWNL-117)
Warning: Lineno 27156, change net type from TRI to Wire. (MWNL-117)
Warning: Lineno 27157, change net type from TRI to Wire. (MWNL-117)
Warning: Lineno 27158, change net type from TRI to Wire. (MWNL-117)
Warning: Lineno 27159, change net type from TRI to Wire. (MWNL-117)
Warning: Lineno 27160, change net type from TRI to Wire. (MWNL-117)
Warning: Lineno 27161, change net type from TRI to Wire. (MWNL-117)
Warning: Lineno 27162, change net type from TRI to Wire. (MWNL-117)
Warning: Lineno 27163, change net type from TRI to Wire. (MWNL-117)
Warning: Lineno 27164, change net type from TRI to Wire. (MWNL-117)
Warning: Lineno 27165, change net type from TRI to Wire. (MWNL-117)
Warning: Lineno 27166, change net type from TRI to Wire. (MWNL-117)
Warning: Lineno 27167, change net type from TRI to Wire. (MWNL-117)
Warning: Lineno 27168, change net type from TRI to Wire. (MWNL-117)
Warning: Lineno 27169, change net type from TRI to Wire. (MWNL-117)
Warning: Lineno 27170, change net type from TRI to Wire. (MWNL-117)
Warning: Lineno 27171, change net type from TRI to Wire. (MWNL-117)
Warning: Lineno 27172, change net type from TRI to Wire. (MWNL-117)
Warning: Lineno 27173, change net type from TRI to Wire. (MWNL-117)
Warning: Lineno 27174, change net type from TRI to Wire. (MWNL-117)
Warning: Lineno 27175, change net type from TRI to Wire. (MWNL-117)
Warning: Lineno 27176, change net type from TRI to Wire. (MWNL-117)
Warning: Lineno 27177, change net type from TRI to Wire. (MWNL-117)
Warning: Lineno 27178, change net type from TRI to Wire. (MWNL-117)
Warning: Lineno 27179, change net type from TRI to Wire. (MWNL-117)
Warning: Lineno 27180, change net type from TRI to Wire. (MWNL-117)
Warning: Lineno 27181, change net type from TRI to Wire. (MWNL-117)
Warning: Lineno 27182, change net type from TRI to Wire. (MWNL-117)
Warning: Lineno 27183, change net type from TRI to Wire. (MWNL-117)
Warning: Lineno 27184, change net type from TRI to Wire. (MWNL-117)
Warning: Lineno 27185, change net type from TRI to Wire. (MWNL-117)
Warning: Lineno 27186, change net type from TRI to Wire. (MWNL-117)
Warning: Lineno 31398, change net type from TRI to Wire. (MWNL-117)
Warning: Lineno 31399, change net type from TRI to Wire. (MWNL-117)
Warning: Lineno 31403, change net type from TRI to Wire. (MWNL-117)
Warning: Lineno 31404, change net type from TRI to Wire. (MWNL-117)
Warning: Lineno 31405, change net type from TRI to Wire. (MWNL-117)
Warning: Lineno 31406, change net type from TRI to Wire. (MWNL-117)
Warning: Lineno 31407, change net type from TRI to Wire. (MWNL-117)
Warning: Lineno 31408, change net type from TRI to Wire. (MWNL-117)
Warning: Lineno 31409, change net type from TRI to Wire. (MWNL-117)
Warning: Lineno 31410, change net type from TRI to Wire. (MWNL-117)
Warning: Lineno 31411, change net type from TRI to Wire. (MWNL-117)
Warning: Lineno 37494, change net type from TRI to Wire. (MWNL-117)
Warning: Lineno 37495, change net type from TRI to Wire. (MWNL-117)

*****  Pass 1 Complete *****
Elapsed =    0:00:01, CPU =    0:00:00

*****  Verilog HDL translation! *****

*****    Start Pass 2 *****
Compiling source file /home/hc523@drexel.edu/ASIC-2-Project/syn/output/fpu.v
Warning: Lineno 27134, change net type from TRI to Wire. (MWNL-117)
Warning: Lineno 27135, change net type from TRI to Wire. (MWNL-117)
Warning: Lineno 27136, change net type from TRI to Wire. (MWNL-117)
Warning: Lineno 27137, change net type from TRI to Wire. (MWNL-117)
Warning: Lineno 27138, change net type from TRI to Wire. (MWNL-117)
Warning: Lineno 27139, change net type from TRI to Wire. (MWNL-117)
Warning: Lineno 27140, change net type from TRI to Wire. (MWNL-117)
Warning: Lineno 27141, change net type from TRI to Wire. (MWNL-117)
Warning: Lineno 27142, change net type from TRI to Wire. (MWNL-117)
Warning: Lineno 27143, change net type from TRI to Wire. (MWNL-117)
Warning: Lineno 27144, change net type from TRI to Wire. (MWNL-117)
Warning: Lineno 27145, change net type from TRI to Wire. (MWNL-117)
Warning: Lineno 27146, change net type from TRI to Wire. (MWNL-117)
Warning: Lineno 27147, change net type from TRI to Wire. (MWNL-117)
Warning: Lineno 27148, change net type from TRI to Wire. (MWNL-117)
Warning: Lineno 27149, change net type from TRI to Wire. (MWNL-117)
Warning: Lineno 27150, change net type from TRI to Wire. (MWNL-117)
Warning: Lineno 27151, change net type from TRI to Wire. (MWNL-117)
Warning: Lineno 27152, change net type from TRI to Wire. (MWNL-117)
Warning: Lineno 27153, change net type from TRI to Wire. (MWNL-117)
Warning: Lineno 27154, change net type from TRI to Wire. (MWNL-117)
Warning: Lineno 27155, change net type from TRI to Wire. (MWNL-117)
Warning: Lineno 27156, change net type from TRI to Wire. (MWNL-117)
Warning: Lineno 27157, change net type from TRI to Wire. (MWNL-117)
Warning: Lineno 27158, change net type from TRI to Wire. (MWNL-117)
Warning: Lineno 27159, change net type from TRI to Wire. (MWNL-117)
Warning: Lineno 27160, change net type from TRI to Wire. (MWNL-117)
Warning: Lineno 27161, change net type from TRI to Wire. (MWNL-117)
Warning: Lineno 27162, change net type from TRI to Wire. (MWNL-117)
Warning: Lineno 27163, change net type from TRI to Wire. (MWNL-117)
Warning: Lineno 27164, change net type from TRI to Wire. (MWNL-117)
Warning: Lineno 27165, change net type from TRI to Wire. (MWNL-117)
Warning: Lineno 27166, change net type from TRI to Wire. (MWNL-117)
Warning: Lineno 27167, change net type from TRI to Wire. (MWNL-117)
Warning: Lineno 27168, change net type from TRI to Wire. (MWNL-117)
Warning: Lineno 27169, change net type from TRI to Wire. (MWNL-117)
Warning: Lineno 27170, change net type from TRI to Wire. (MWNL-117)
Warning: Lineno 27171, change net type from TRI to Wire. (MWNL-117)
Warning: Lineno 27172, change net type from TRI to Wire. (MWNL-117)
Warning: Lineno 27173, change net type from TRI to Wire. (MWNL-117)
Warning: Lineno 27174, change net type from TRI to Wire. (MWNL-117)
Warning: Lineno 27175, change net type from TRI to Wire. (MWNL-117)
Warning: Lineno 27176, change net type from TRI to Wire. (MWNL-117)
Warning: Lineno 27177, change net type from TRI to Wire. (MWNL-117)
Warning: Lineno 27178, change net type from TRI to Wire. (MWNL-117)
Warning: Lineno 27179, change net type from TRI to Wire. (MWNL-117)
Warning: Lineno 27180, change net type from TRI to Wire. (MWNL-117)
Warning: Lineno 27181, change net type from TRI to Wire. (MWNL-117)
Warning: Lineno 27182, change net type from TRI to Wire. (MWNL-117)
Warning: Lineno 27183, change net type from TRI to Wire. (MWNL-117)
Warning: Lineno 27184, change net type from TRI to Wire. (MWNL-117)
Warning: Lineno 27185, change net type from TRI to Wire. (MWNL-117)
Warning: Lineno 27186, change net type from TRI to Wire. (MWNL-117)
Warning: Lineno 31398, change net type from TRI to Wire. (MWNL-117)
Warning: Lineno 31399, change net type from TRI to Wire. (MWNL-117)
Warning: Lineno 31403, change net type from TRI to Wire. (MWNL-117)
Warning: Lineno 31404, change net type from TRI to Wire. (MWNL-117)
Warning: Lineno 31405, change net type from TRI to Wire. (MWNL-117)
Warning: Lineno 31406, change net type from TRI to Wire. (MWNL-117)
Warning: Lineno 31407, change net type from TRI to Wire. (MWNL-117)
Warning: Lineno 31408, change net type from TRI to Wire. (MWNL-117)
Warning: Lineno 31409, change net type from TRI to Wire. (MWNL-117)
Warning: Lineno 31410, change net type from TRI to Wire. (MWNL-117)
Warning: Lineno 31411, change net type from TRI to Wire. (MWNL-117)
Error:   /home/hc523@drexel.edu/ASIC-2-Project/syn/output/fpu.v:31555:  module mul64 is not defined.
 (VER-500)
Error: Module 'mul64' is not defined.  (MWNL-297)
Error:   /home/hc523@drexel.edu/ASIC-2-Project/syn/output/fpu.v:31555: ERROR: near line 31555: Port connection failed.
 (VER-500)
Warning: Lineno 37494, change net type from TRI to Wire. (MWNL-117)
Warning: Lineno 37495, change net type from TRI to Wire. (MWNL-117)

Error: Verilog parser cannot parse the /home/hc523@drexel.edu/ASIC-2-Project/syn/output/fpu.v source file. (MWNL-047)
0
uniquify_fp_mw_cel
1
link

  Linking design 'fpu'
  Using the following designs and libraries:
  --------------------------------------------------------------------------
  * (45 designs)              /home/hc523@drexel.edu/ASIC-2-Project/syn/output/fpu.ddc, etc
  saed32rvt_ss0p95v25c (library) /mnt/class_data/ecec574-w2019/PDKs/SAED32nm_new/SAED32_EDK/lib/stdcell_rvt/db_ccs/saed32rvt_ss0p95v25c.db
  saed32sram_ss0p95v25c (library) /mnt/class_data/ecec574-w2019/PDKs/SAED32nm_new/SAED32_EDK/lib/sram/db_ccs/saed32sram_ss0p95v25c.db

Information: Building the design 'mul64'. (HDL-193)
Warning: Cannot find the design 'mul64' in the library 'WORK'. (LBR-1)
Warning: Unable to resolve reference 'mul64' in 'fpu_mul'. (LINK-5)
0
read_sdc ../syn/const/fpu.sdc
 Info: hierarchy_separator was changed to /

Reading SDC version 2.0...
Information: Building the design 'mul64'. (HDL-193)
Warning: Cannot find the design 'mul64' in the library 'WORK'. (LBR-1)
Warning: Unable to resolve reference 'mul64' in 'fpu_mul'. (LINK-5)
Warning: Design 'fpu' has '1' unresolved references. For more detailed information, use the "link" command. (UID-341)
Warning: Design 'fpu' has '1' unresolved references. For more detailed information, use the "link" command. (UID-341)
Warning: Design 'fpu' has '1' unresolved references. For more detailed information, use the "link" command. (UID-341)
Warning: Design 'fpu' has '1' unresolved references. For more detailed information, use the "link" command. (UID-341)
Warning: Design 'fpu' has '1' unresolved references. For more detailed information, use the "link" command. (UID-341)
Warning: Design 'fpu' has '1' unresolved references. For more detailed information, use the "link" command. (UID-341)
Warning: Design 'fpu' has '1' unresolved references. For more detailed information, use the "link" command. (UID-341)
Warning: Design 'fpu' has '1' unresolved references. For more detailed information, use the "link" command. (UID-341)
Warning: Design 'fpu' has '1' unresolved references. For more detailed information, use the "link" command. (UID-341)
Warning: Design 'fpu' has '1' unresolved references. For more detailed information, use the "link" command. (UID-341)
Warning: Design 'fpu' has '1' unresolved references. For more detailed information, use the "link" command. (UID-341)
Warning: Design 'fpu' has '1' unresolved references. For more detailed information, use the "link" command. (UID-341)
Warning: Design 'fpu' has '1' unresolved references. For more detailed information, use the "link" command. (UID-341)
Warning: Design 'fpu' has '1' unresolved references. For more detailed information, use the "link" command. (UID-341)
Warning: Design 'fpu' has '1' unresolved references. For more detailed information, use the "link" command. (UID-341)
Warning: Design 'fpu' has '1' unresolved references. For more detailed information, use the "link" command. (UID-341)
Warning: Design 'fpu' has '1' unresolved references. For more detailed information, use the "link" command. (UID-341)
Warning: Design 'fpu' has '1' unresolved references. For more detailed information, use the "link" command. (UID-341)
Warning: Design 'fpu' has '1' unresolved references. For more detailed information, use the "link" command. (UID-341)
Warning: Design 'fpu' has '1' unresolved references. For more detailed information, use the "link" command. (UID-341)
Warning: Design 'fpu' has '1' unresolved references. For more detailed information, use the "link" command. (UID-341)
Warning: Design 'fpu' has '1' unresolved references. For more detailed information, use the "link" command. (UID-341)
Warning: Design 'fpu' has '1' unresolved references. For more detailed information, use the "link" command. (UID-341)
Warning: Design 'fpu' has '1' unresolved references. For more detailed information, use the "link" command. (UID-341)
Warning: Design 'fpu' has '1' unresolved references. For more detailed information, use the "link" command. (UID-341)
Warning: Design 'fpu' has '1' unresolved references. For more detailed information, use the "link" command. (UID-341)
Warning: Design 'fpu' has '1' unresolved references. For more detailed information, use the "link" command. (UID-341)
Warning: Design 'fpu' has '1' unresolved references. For more detailed information, use the "link" command. (UID-341)
Warning: Design 'fpu' has '1' unresolved references. For more detailed information, use the "link" command. (UID-341)
Warning: Design 'fpu' has '1' unresolved references. For more detailed information, use the "link" command. (UID-341)
Warning: Design 'fpu' has '1' unresolved references. For more detailed information, use the "link" command. (UID-341)
Warning: Design 'fpu' has '1' unresolved references. For more detailed information, use the "link" command. (UID-341)
Warning: Design 'fpu' has '1' unresolved references. For more detailed information, use the "link" command. (UID-341)
Warning: Design 'fpu' has '1' unresolved references. For more detailed information, use the "link" command. (UID-341)
Warning: Design 'fpu' has '1' unresolved references. For more detailed information, use the "link" command. (UID-341)
Warning: Design 'fpu' has '1' unresolved references. For more detailed information, use the "link" command. (UID-341)
Warning: Design 'fpu' has '1' unresolved references. For more detailed information, use the "link" command. (UID-341)
Warning: Design 'fpu' has '1' unresolved references. For more detailed information, use the "link" command. (UID-341)
Warning: Design 'fpu' has '1' unresolved references. For more detailed information, use the "link" command. (UID-341)
Warning: Design 'fpu' has '1' unresolved references. For more detailed information, use the "link" command. (UID-341)
Warning: Design 'fpu' has '1' unresolved references. For more detailed information, use the "link" command. (UID-341)
Warning: Design 'fpu' has '1' unresolved references. For more detailed information, use the "link" command. (UID-341)
Warning: Design 'fpu' has '1' unresolved references. For more detailed information, use the "link" command. (UID-341)
Warning: Design 'fpu' has '1' unresolved references. For more detailed information, use the "link" command. (UID-341)
Warning: Design 'fpu' has '1' unresolved references. For more detailed information, use the "link" command. (UID-341)
Warning: Design 'fpu' has '1' unresolved references. For more detailed information, use the "link" command. (UID-341)
Warning: Design 'fpu' has '1' unresolved references. For more detailed information, use the "link" command. (UID-341)
Warning: Design 'fpu' has '1' unresolved references. For more detailed information, use the "link" command. (UID-341)
Warning: Design 'fpu' has '1' unresolved references. For more detailed information, use the "link" command. (UID-341)
Warning: Design 'fpu' has '1' unresolved references. For more detailed information, use the "link" command. (UID-341)
Warning: Design 'fpu' has '1' unresolved references. For more detailed information, use the "link" command. (UID-341)
Warning: Design 'fpu' has '1' unresolved references. For more detailed information, use the "link" command. (UID-341)
Warning: Design 'fpu' has '1' unresolved references. For more detailed information, use the "link" command. (UID-341)
Warning: Design 'fpu' has '1' unresolved references. For more detailed information, use the "link" command. (UID-341)
Warning: Design 'fpu' has '1' unresolved references. For more detailed information, use the "link" command. (UID-341)
Warning: Design 'fpu' has '1' unresolved references. For more detailed information, use the "link" command. (UID-341)
Warning: Design 'fpu' has '1' unresolved references. For more detailed information, use the "link" command. (UID-341)
Warning: Design 'fpu' has '1' unresolved references. For more detailed information, use the "link" command. (UID-341)
Warning: Design 'fpu' has '1' unresolved references. For more detailed information, use the "link" command. (UID-341)
Warning: Design 'fpu' has '1' unresolved references. For more detailed information, use the "link" command. (UID-341)
Warning: Design 'fpu' has '1' unresolved references. For more detailed information, use the "link" command. (UID-341)
Warning: Design 'fpu' has '1' unresolved references. For more detailed information, use the "link" command. (UID-341)
Warning: Design 'fpu' has '1' unresolved references. For more detailed information, use the "link" command. (UID-341)
Warning: Design 'fpu' has '1' unresolved references. For more detailed information, use the "link" command. (UID-341)
Warning: Design 'fpu' has '1' unresolved references. For more detailed information, use the "link" command. (UID-341)
Warning: Design 'fpu' has '1' unresolved references. For more detailed information, use the "link" command. (UID-341)
Warning: Design 'fpu' has '1' unresolved references. For more detailed information, use the "link" command. (UID-341)
Warning: Design 'fpu' has '1' unresolved references. For more detailed information, use the "link" command. (UID-341)
Warning: Design 'fpu' has '1' unresolved references. For more detailed information, use the "link" command. (UID-341)
Warning: Design 'fpu' has '1' unresolved references. For more detailed information, use the "link" command. (UID-341)
Warning: Design 'fpu' has '1' unresolved references. For more detailed information, use the "link" command. (UID-341)
Warning: Design 'fpu' has '1' unresolved references. For more detailed information, use the "link" command. (UID-341)
Warning: Design 'fpu' has '1' unresolved references. For more detailed information, use the "link" command. (UID-341)
Warning: Design 'fpu' has '1' unresolved references. For more detailed information, use the "link" command. (UID-341)
Warning: Design 'fpu' has '1' unresolved references. For more detailed information, use the "link" command. (UID-341)
Warning: Design 'fpu' has '1' unresolved references. For more detailed information, use the "link" command. (UID-341)
Warning: Design 'fpu' has '1' unresolved references. For more detailed information, use the "link" command. (UID-341)
Warning: Design 'fpu' has '1' unresolved references. For more detailed information, use the "link" command. (UID-341)
Warning: Design 'fpu' has '1' unresolved references. For more detailed information, use the "link" command. (UID-341)
Warning: Design 'fpu' has '1' unresolved references. For more detailed information, use the "link" command. (UID-341)
Warning: Design 'fpu' has '1' unresolved references. For more detailed information, use the "link" command. (UID-341)
Warning: Design 'fpu' has '1' unresolved references. For more detailed information, use the "link" command. (UID-341)
Warning: Design 'fpu' has '1' unresolved references. For more detailed information, use the "link" command. (UID-341)
Warning: Design 'fpu' has '1' unresolved references. For more detailed information, use the "link" command. (UID-341)
Warning: Design 'fpu' has '1' unresolved references. For more detailed information, use the "link" command. (UID-341)
Warning: Design 'fpu' has '1' unresolved references. For more detailed information, use the "link" command. (UID-341)
Warning: Design 'fpu' has '1' unresolved references. For more detailed information, use the "link" command. (UID-341)
Warning: Design 'fpu' has '1' unresolved references. For more detailed information, use the "link" command. (UID-341)
Warning: Design 'fpu' has '1' unresolved references. For more detailed information, use the "link" command. (UID-341)
Warning: Design 'fpu' has '1' unresolved references. For more detailed information, use the "link" command. (UID-341)
Warning: Design 'fpu' has '1' unresolved references. For more detailed information, use the "link" command. (UID-341)
Warning: Design 'fpu' has '1' unresolved references. For more detailed information, use the "link" command. (UID-341)
Warning: Design 'fpu' has '1' unresolved references. For more detailed information, use the "link" command. (UID-341)
Warning: Design 'fpu' has '1' unresolved references. For more detailed information, use the "link" command. (UID-341)
Warning: Design 'fpu' has '1' unresolved references. For more detailed information, use the "link" command. (UID-341)
Warning: Design 'fpu' has '1' unresolved references. For more detailed information, use the "link" command. (UID-341)
Warning: Design 'fpu' has '1' unresolved references. For more detailed information, use the "link" command. (UID-341)
Warning: Design 'fpu' has '1' unresolved references. For more detailed information, use the "link" command. (UID-341)
Warning: Design 'fpu' has '1' unresolved references. For more detailed information, use the "link" command. (UID-341)
Warning: Design 'fpu' has '1' unresolved references. For more detailed information, use the "link" command. (UID-341)
Warning: Design 'fpu' has '1' unresolved references. For more detailed information, use the "link" command. (UID-341)
Warning: Design 'fpu' has '1' unresolved references. For more detailed information, use the "link" command. (UID-341)
Warning: Design 'fpu' has '1' unresolved references. For more detailed information, use the "link" command. (UID-341)
Warning: Design 'fpu' has '1' unresolved references. For more detailed information, use the "link" command. (UID-341)
Warning: Design 'fpu' has '1' unresolved references. For more detailed information, use the "link" command. (UID-341)
Warning: Design 'fpu' has '1' unresolved references. For more detailed information, use the "link" command. (UID-341)
Warning: Design 'fpu' has '1' unresolved references. For more detailed information, use the "link" command. (UID-341)
Warning: Design 'fpu' has '1' unresolved references. For more detailed information, use the "link" command. (UID-341)
Warning: Design 'fpu' has '1' unresolved references. For more detailed information, use the "link" command. (UID-341)
Warning: Design 'fpu' has '1' unresolved references. For more detailed information, use the "link" command. (UID-341)
Warning: Design 'fpu' has '1' unresolved references. For more detailed information, use the "link" command. (UID-341)
Warning: Design 'fpu' has '1' unresolved references. For more detailed information, use the "link" command. (UID-341)
Warning: Design 'fpu' has '1' unresolved references. For more detailed information, use the "link" command. (UID-341)
Warning: Design 'fpu' has '1' unresolved references. For more detailed information, use the "link" command. (UID-341)
Warning: Design 'fpu' has '1' unresolved references. For more detailed information, use the "link" command. (UID-341)
Warning: Design 'fpu' has '1' unresolved references. For more detailed information, use the "link" command. (UID-341)
Warning: Design 'fpu' has '1' unresolved references. For more detailed information, use the "link" command. (UID-341)
Warning: Design 'fpu' has '1' unresolved references. For more detailed information, use the "link" command. (UID-341)
Warning: Design 'fpu' has '1' unresolved references. For more detailed information, use the "link" command. (UID-341)
Warning: Design 'fpu' has '1' unresolved references. For more detailed information, use the "link" command. (UID-341)
Warning: Design 'fpu' has '1' unresolved references. For more detailed information, use the "link" command. (UID-341)
Warning: Design 'fpu' has '1' unresolved references. For more detailed information, use the "link" command. (UID-341)
Warning: Design 'fpu' has '1' unresolved references. For more detailed information, use the "link" command. (UID-341)
Warning: Design 'fpu' has '1' unresolved references. For more detailed information, use the "link" command. (UID-341)
Warning: Design 'fpu' has '1' unresolved references. For more detailed information, use the "link" command. (UID-341)
Warning: Design 'fpu' has '1' unresolved references. For more detailed information, use the "link" command. (UID-341)
Warning: Design 'fpu' has '1' unresolved references. For more detailed information, use the "link" command. (UID-341)
Warning: Design 'fpu' has '1' unresolved references. For more detailed information, use the "link" command. (UID-341)
Warning: Design 'fpu' has '1' unresolved references. For more detailed information, use the "link" command. (UID-341)
Warning: Design 'fpu' has '1' unresolved references. For more detailed information, use the "link" command. (UID-341)
Warning: Design 'fpu' has '1' unresolved references. For more detailed information, use the "link" command. (UID-341)
Warning: Design 'fpu' has '1' unresolved references. For more detailed information, use the "link" command. (UID-341)
Warning: Design 'fpu' has '1' unresolved references. For more detailed information, use the "link" command. (UID-341)
Warning: Design 'fpu' has '1' unresolved references. For more detailed information, use the "link" command. (UID-341)
Warning: Design 'fpu' has '1' unresolved references. For more detailed information, use the "link" command. (UID-341)
Warning: Design 'fpu' has '1' unresolved references. For more detailed information, use the "link" command. (UID-341)
Warning: Design 'fpu' has '1' unresolved references. For more detailed information, use the "link" command. (UID-341)
Warning: Design 'fpu' has '1' unresolved references. For more detailed information, use the "link" command. (UID-341)
Warning: Design 'fpu' has '1' unresolved references. For more detailed information, use the "link" command. (UID-341)
Warning: Design 'fpu' has '1' unresolved references. For more detailed information, use the "link" command. (UID-341)
Warning: Design 'fpu' has '1' unresolved references. For more detailed information, use the "link" command. (UID-341)
Warning: Design 'fpu' has '1' unresolved references. For more detailed information, use the "link" command. (UID-341)
Warning: Design 'fpu' has '1' unresolved references. For more detailed information, use the "link" command. (UID-341)
Warning: Design 'fpu' has '1' unresolved references. For more detailed information, use the "link" command. (UID-341)
Warning: Design 'fpu' has '1' unresolved references. For more detailed information, use the "link" command. (UID-341)
Warning: Design 'fpu' has '1' unresolved references. For more detailed information, use the "link" command. (UID-341)
Warning: Design 'fpu' has '1' unresolved references. For more detailed information, use the "link" command. (UID-341)
Warning: Design 'fpu' has '1' unresolved references. For more detailed information, use the "link" command. (UID-341)
Warning: Design 'fpu' has '1' unresolved references. For more detailed information, use the "link" command. (UID-341)
Warning: Design 'fpu' has '1' unresolved references. For more detailed information, use the "link" command. (UID-341)
Warning: Design 'fpu' has '1' unresolved references. For more detailed information, use the "link" command. (UID-341)
Warning: Design 'fpu' has '1' unresolved references. For more detailed information, use the "link" command. (UID-341)
Warning: Design 'fpu' has '1' unresolved references. For more detailed information, use the "link" command. (UID-341)
Warning: Design 'fpu' has '1' unresolved references. For more detailed information, use the "link" command. (UID-341)
Warning: Design 'fpu' has '1' unresolved references. For more detailed information, use the "link" command. (UID-341)
Warning: Design 'fpu' has '1' unresolved references. For more detailed information, use the "link" command. (UID-341)
Warning: Design 'fpu' has '1' unresolved references. For more detailed information, use the "link" command. (UID-341)
Warning: Design 'fpu' has '1' unresolved references. For more detailed information, use the "link" command. (UID-341)
Warning: Design 'fpu' has '1' unresolved references. For more detailed information, use the "link" command. (UID-341)
Warning: Design 'fpu' has '1' unresolved references. For more detailed information, use the "link" command. (UID-341)
Warning: Design 'fpu' has '1' unresolved references. For more detailed information, use the "link" command. (UID-341)
Warning: Design 'fpu' has '1' unresolved references. For more detailed information, use the "link" command. (UID-341)
Warning: Design 'fpu' has '1' unresolved references. For more detailed information, use the "link" command. (UID-341)
Warning: Design 'fpu' has '1' unresolved references. For more detailed information, use the "link" command. (UID-341)
 Info: hierarchy_separator was changed to /
1
save_mw_cel -as fpu_initial
Warning: Design 'fpu' has '1' unresolved references. For more detailed information, use the "link" command. (UID-341)
Information: Saved design named fpu_initial. (UIG-5)
1
exit

Thank you...
Exit IC Compiler!
