#@ # 
#@ # Running icc_shell Version L-2016.03-SP5-1 for linux64 -- Dec 12, 2016
#@ # Date:   Thu May 30 20:40:52 2019
#@ # Run by: hc523@xunil-03.coe.drexel.edu
#@ 

"[source /home/hc523@drexel.edu/ASIC-2-Project/icc_scripts/route_route_zrt_eco_19570.tcl]"
#@ # -- Starting source /home/hc523@drexel.edu/ASIC-2-Project/icc_scripts/route_route_zrt_eco_19570.tcl

#@ set SNPS_ROUTE_AS_CHILD_START_TIME [clock seconds]
#@ set phys_hier_attr_mode DC_ATTR
#@ suppress_message {OBS-004 PWR-18 }
#@ set_message_info -id PSYN-058 -limit 0
#@ set_message_info -id GUI-026 -limit 0
#@ set_message_info -id TIM-112 -limit 0
#@ set_message_info -id RCEX-202 -limit 0
#@ set_message_info -id RCEX-013 -limit 0
#@ set_message_info -id UID-95 -limit 0
#@ set_message_info -id PSYN-850 -limit 0
#@ set_message_info -id RCEX-011 -limit 0
#@ set_message_info -id CTS-382 -limit 0
#@ set_message_info -id PSYN-523 -limit 0
#@ set_message_info -id OBS-004 -limit 0
#@ set_message_info -id TFCHK-064 -limit 0
#@ set_message_info -id PSYN-1042 -limit 0
#@ set_message_info -id PSYN-605 -limit 0
#@ set_message_info -id UPF-213 -limit 0
#@ set_message_info -id RCEX-015 -limit 0
#@ set_message_info -id PSYN-024 -limit 0
#@ set_message_info -id RCEX-018 -limit 0
#@ set_message_info -id UID-666 -limit 0
#@ set_message_info -id PSYN-1111 -limit 0
#@ set_message_info -id PSYN-1099 -limit 0
#@ set_message_info -id PSYN-864 -limit 0
#@ set_message_info -id ZRT-444 -limit 0
#@ set_message_info -id IFS-007 -limit 0
#@ set_message_info -id CTS-375 -limit 0
#@ set_message_info -id UID-187 -limit 0
#@ set_message_info -id TFCHK-050 -limit 0
#@ set_message_info -id RCEX-023 -limit 0
#@ set_message_info -id UID-85 -limit 0
#@ set_message_info -id ROPT-032 -limit 0
#@ set_message_info -id TFCHK-014 -limit 0
#@ set_message_info -id UID-83 -limit 0
#@ set_message_info -id CTS-098 -limit 0
#@ set_message_info -id CTS-209 -limit 0
#@ set_message_info -id MWDC-217 -limit 0
#@ set_message_info -id OPT-223 -limit 0
#@ set_message_info -id HFS-802 -limit 0
#@ set_message_info -id OPT-1207 -limit 0
#@ set_message_info -id MWDC-119 -limit 0
#@ set_message_info -id PSYN-878 -limit 0
#@ set_message_info -id MWDC-118 -limit 0
#@ set_message_info -id TFCHK-049 -limit 0
#@ set_message_info -id TIM-134 -limit 0
#@ set_message_info -id TM-002 -limit 0
#@ set_message_info -id PSYN-039 -limit 0
#@ set_message_info -id RCEX-141 -limit 0
#@ set_message_info -id CTS-152 -limit 0
#@ set_message_info -id UPF-710 -limit 1
#@ set_message_info -id ROPT-020 -limit 0
#@ set_message_info -id UIG-5 -limit 0
#@ set_message_info -id TFCHK-084 -limit 0
#@ set_message_info -id PSYN-503 -limit 0
#@ set_message_info -id MW-336 -limit 0
#@ set_message_info -id PSYN-476 -limit 0
#@ set_message_info -id CMD-005 -limit 0
#@ set_message_info -id ZRT-306 -limit 0
#@ set_message_info -id ZRT-305 -limit 0
#@ set_message_info -id CTS-1121 -limit 0
#@ set_message_info -id ZRT-022 -limit 0
#@ set_message_info -id TFCHK-033 -limit 0
#@ set_message_info -id ZRT-021 -limit 0
#@ set_message_info -id RCEX-043 -limit 0
#@ set_message_info -id RCCALC-014 -limit 0
#@ set_message_info -id RCEX-081 -limit 0
#@ set_message_info -id MW-339 -limit 0
#@ set_message_info -id RCEX-042 -limit 0
#@ set_message_info -id CTS-354 -limit 0
#@ set_message_info -id CTS-102 -limit 0
#@ set_message_info -id RCEX-041 -limit 0
#@ set_message_info -id CTS-353 -limit 0
#@ set_message_info -id CTS-103 -limit 0
#@ set_message_info -id RCEX-040 -limit 0
#@ set_message_info -id RCEX-047 -limit 0
#@ set_message_info -id RCEX-007 -limit 0
#@ set_message_info -id PSYN-054 -limit 0
#@ set_message_info -id RCEX-044 -limit 0
#@ set_message_info -id CTS-1115 -limit 0
#@ set_message_info -id RCEX-008 -limit 0
#@ set_message_info -id CMD-015 -limit 0
#@ set_message_info -id TIM-024 -limit 0
#@ set_message_info -id TIM-025 -limit 0
#@ set_message_info -id OPT-1055 -limit 0
#@ set_message_info -id MWNL-111 -limit 0
#@ set_message_info -id ZRT-091 -limit 0
#@ set search_path ". /opt/synopsys/2016/icc/libraries/syn /opt/synopsys/2016/icc/minpower/syn /opt/synopsys/2016/icc/dw/syn_ver /opt/synopsys/2016/icc/dw/sim_ver /mnt/class_data/ecec574-w2019/PDKs/SAED32nm/lib/stdcell_rvt/db_ccs
#@ ../source_files/TI_FPU "
#@ set physical_library ""
#@ set target_library "saed32rvt_ss0p95v25c.db"
#@ set link_library "* saed32rvt_ss0p95v25c.db"
#@ set mw_reference_library ""
#@ set enable_set_units FALSE 
#@ open_mw_lib /home/hc523@drexel.edu/ASIC-2-Project/icc_scripts/fpu.mw
#@ open_working_copy_mw_cel fpu -version 1
#@ set_separate_process_options -routing false
#@ set_route_zrt_common_options -timing_file /home/hc523@drexel.edu/ASIC-2-Project/icc_scripts/fpu.mw/ROUTE/fpu.19570.tim
#@ set routeopt_xtalk_reduction_tns true
#@ set ropt_habefast 3
#@ set_route_zrt_common_options -dbin_list_of_nets {}
#@ set_route_zrt_common_options -extraction_mode parallel
#@ set_route_zrt_common_options -verbose_level 0
#@ set_route_zrt_global_options -timing_driven true
#@ set_route_zrt_track_options -timing_driven true
#@ set_route_zrt_detail_options -timing_driven true
#@ set neco_file_name /tmp/neco_UtrXr5
#@ route_zrt_eco  -max_detail_route_iterations 1
#@ pass_working_copy_mw_cel_back
#@ set SNPS_ROUTE_AS_CHILD_END_TIME [clock seconds]
#@ set SNPS_CPUTIME [cputime -self -child]
#@ set SNPS_ELAPSED_TIME [expr $SNPS_ROUTE_AS_CHILD_END_TIME - $SNPS_ROUTE_AS_CHILD_START_TIME]
#@ set SNPS_CPUTIME_hr [expr $SNPS_CPUTIME/3600.0]
#@ set SNPS_ELAPSED_TIME_hr [expr $SNPS_ELAPSED_TIME/3600.0]
#@ set SNPS_MEMORY_Mb [expr [mem]/1024]
#@ set SNPS_CPU_MEM_LOG_FORMAT "%-30s CPU: %6d s (%5.2f hr) ELAPSE: %6d s (%5.2f hr) MEM-PEAK: %5lu Mb "
#@ set SNPS_CPU_MEM_LOG_OUT [format $SNPS_CPU_MEM_LOG_FORMAT "CHILD_PROC: Router" $SNPS_CPUTIME $SNPS_CPUTIME_hr $SNPS_ELAPSED_TIME $SNPS_ELAPSED_TIME_hr $SNPS_MEMORY_Mb ]
#@ set fileId [open proc_end_19570 w 0600]
#@ puts $fileId "/home/hc523@drexel.edu/ASIC-2-Project/icc_scripts/route_route_zrt_eco_19570.tcl $SNPS_CPU_MEM_LOG_OUT"
#@ close $fileId
#@ quit
